<?xml version="1.0" encoding="utf-8"?><testsuites><testsuite name="pytest" errors="0" failures="0" skipped="0" tests="18" time="0.871" timestamp="2025-01-23T00:32:26.804814+11:00" hostname="DjeliNZXT"><testcase classname="tests.test_cli" name="test_cli" file="tests/test_cli.py" line="12" time="0.016" /><testcase classname="tests.test_cli" name="test_cli_help" file="tests/test_cli.py" line="19" time="0.016" /><testcase classname="tests.test_cli" name="test_cli_show_completion" file="tests/test_cli.py" line="26" time="0.019" /><testcase classname="tests.test_cli" name="test_cli_list" file="tests/test_cli.py" line="33" time="0.056" /><testcase classname="tests.test_cli" name="test_cli_list_short" file="tests/test_cli.py" line="41" time="0.025" /><testcase classname="tests.test_cli" name="test_cli_activate" file="tests/test_cli.py" line="49" time="0.025" /><testcase classname="tests.test_cli" name="test_cli_activate_fast" file="tests/test_cli.py" line="56" time="0.025" /><testcase classname="tests.test_scenes" name="test_list_scenes" file="tests/test_scenes.py" line="10" time="0.019" /><testcase classname="tests.test_scenes" name="test_list_scene_forbidden" file="tests/test_scenes.py" line="17" time="0.021" /><testcase classname="tests.test_scenes" name="test_activate_scene" file="tests/test_scenes.py" line="24" time="0.019" /><testcase classname="tests.test_scenes" name="test_activate_scene_fast" file="tests/test_scenes.py" line="31" time="0.019" /><testcase classname="tests.test_scenes" name="test_activate_scene_forbidden" file="tests/test_scenes.py" line="38" time="0.020" /><testcase classname="tests.test_scenes" name="test_async_list_scenes" file="tests/test_scenes.py" line="45" time="0.083" /><testcase classname="tests.test_scenes" name="test_async_list_scene_forbidden" file="tests/test_scenes.py" line="53" time="0.021" /><testcase classname="tests.test_scenes" name="test_async_activate_scene" file="tests/test_scenes.py" line="61" time="0.021" /><testcase classname="tests.test_scenes" name="test_async_activate_scene_no_results" file="tests/test_scenes.py" line="69" time="0.021" /><testcase classname="tests.test_scenes" name="test_async_activate_scene_fast" file="tests/test_scenes.py" line="77" time="0.021" /><testcase classname="tests.test_scenes" name="test_async_activate_scene_forbidden" file="tests/test_scenes.py" line="85" time="0.022" /></testsuite></testsuites>
